
Feb 26, 2024 18:55:20.60 NEW SESSION
Feb 26, 2024 18:55:20.62 Opening in existing browser session.
Feb 26, 2024 18:55:20.64 [8360:14884:0226/185520.645:ERROR:policy_logger.cc(157)] :components\enterprise\browser\controller\chrome_browser_cloud_management_controller.cc(161) Cloud management controller initialization aborted as CBCM is not enabled. Please use the `--enable-chrome-browser-cloud-management` command line flag to enable it if you are not using the official Google Chrome build.
Feb 26, 2024 18:55:21.45 [8360:14884:0226/185521.457:ERROR:edge_auth_errors.cc(516)] EDGE_IDENTITY: Get Default OS Account failed: Error: Primary Error: kTokenRequestFailed, Secondary Error: kTokenFetchUserInteractionRequired, Platform error: -2147023665, hex:800704cf, Error string: Error code: 0x800704cf, error message:Error
Feb 26, 2024 18:55:21.45 
Feb 26, 2024 18:55:39.80 [8360:14884:0226/185539.805:ERROR:CONSOLE(1)] "Request Autofill.enable failed. {"code":-32601,"message":"'Autofill.enable' wasn't found"}", source: devtools://devtools/bundled/core/protocol_client/protocol_client.js (1)
Feb 26, 2024 18:55:40.75 [8360:14884:0226/185540.752:ERROR:smartscreen_dns_resolver.cc(110)] SmartScreenDnsResolver::OnComplete Error: -106 DidTimeOut: 0 URL: https://devtools.azureedge.net/serve_file/@dcf246d1e496247cf561ee2a2f8bcc2bf6292d0c/third_party/webhint/worker_frame.html
Feb 26, 2024 18:55:40.80 [8360:14884:0226/185540.808:ERROR:CONSOLE(2054)] "Uncaught TypeError: Cannot read properties of null (reading 'classList')", source: chrome-error://chromewebdata/ (2054)
Feb 26, 2024 18:55:40.81 [8360:14884:0226/185540.818:ERROR:CONSOLE(2635)] "Uncaught TypeError: Cannot read properties of null (reading 'classList')", source: chrome-error://chromewebdata/ (2635)
Feb 26, 2024 18:55:42.19 [8360:14884:0226/185542.191:ERROR:smartscreen_dns_resolver.cc(110)] SmartScreenDnsResolver::OnComplete Error: -106 DidTimeOut: 0 URL: https://ntp.msn.com/edge/ntp?locale=en-US&title=New%20tab&dsp=1&sp=Bing&prerender=1&PC=HCTS
Feb 26, 2024 18:55:54.03 [8360:14884:0226/185554.034:ERROR:CONSOLE(1)] "Uncaught (in promise) SyntaxError: Unexpected token 'H', "HTTP/1.1 4"... is not valid JSON", source: devtools://devtools/bundled/devtools_app.html?remoteBase=https://devtools.azureedge.net/serve_file/@dcf246d1e496247cf561ee2a2f8bcc2bf6292d0c/&can_dock=true&panel=elements&firstLaunch=true&targetType=tab&isFeedbackEnabled=true&msEdgeDevToolsMicroFeedback=true&isChatEnabled=true&enabledExperiments=msEdgeDevToolsNetworkConsole;layersIn3DView;keyboardShortcutEditor;msEdgeVSCodeThemes;msEdgeDevToolsDetachedElements;msEdgeDynamicWelcome;msEdgeAIExplainConsoleError (1)
Feb 26, 2024 18:58:08.69 [8360:14884:0226/185808.691:ERROR:smartscreen_dns_resolver.cc(110)] SmartScreenDnsResolver::OnComplete Error: -106 DidTimeOut: 0 URL: https://devtools.azureedge.net/serve_file/@dcf246d1e496247cf561ee2a2f8bcc2bf6292d0c/third_party/webhint/worker_frame.html
Feb 26, 2024 18:58:08.75 [8360:14884:0226/185808.751:ERROR:CONSOLE(2054)] "Uncaught TypeError: Cannot read properties of null (reading 'classList')", source: chrome-error://chromewebdata/ (2054)
Feb 26, 2024 18:58:08.75 [8360:14884:0226/185808.754:ERROR:CONSOLE(2635)] "Uncaught TypeError: Cannot read properties of null (reading 'classList')", source: chrome-error://chromewebdata/ (2635)
Feb 26, 2024 18:58:33.57 [8360:14884:0226/185833.559:ERROR:smartscreen_dns_resolver.cc(110)] SmartScreenDnsResolver::OnComplete Error: -106 DidTimeOut: 0 URL: https://devtools.azureedge.net/serve_file/@dcf246d1e496247cf561ee2a2f8bcc2bf6292d0c/third_party/webhint/worker_frame.html
Feb 26, 2024 18:58:33.63 [8360:14884:0226/185833.635:ERROR:CONSOLE(2054)] "Uncaught TypeError: Cannot read properties of null (reading 'classList')", source: chrome-error://chromewebdata/ (2054)
Feb 26, 2024 18:58:33.64 [8360:14884:0226/185833.640:ERROR:CONSOLE(2635)] "Uncaught TypeError: Cannot read properties of null (reading 'classList')", source: chrome-error://chromewebdata/ (2635)
Feb 26, 2024 18:58:35.07 [8360:14884:0226/185835.071:ERROR:smartscreen_dns_resolver.cc(110)] SmartScreenDnsResolver::OnComplete Error: -106 DidTimeOut: 0 URL: https://devtools.azureedge.net/serve_file/@dcf246d1e496247cf561ee2a2f8bcc2bf6292d0c/third_party/webhint/worker_frame.html
Feb 26, 2024 18:58:35.21 [8360:14884:0226/185835.211:ERROR:CONSOLE(2054)] "Uncaught TypeError: Cannot read properties of null (reading 'classList')", source: chrome-error://chromewebdata/ (2054)
Feb 26, 2024 18:58:35.21 [8360:14884:0226/185835.213:ERROR:CONSOLE(2635)] "Uncaught TypeError: Cannot read properties of null (reading 'classList')", source: chrome-error://chromewebdata/ (2635)
Feb 26, 2024 18:58:36.32 [8360:14884:0226/185836.326:ERROR:smartscreen_dns_resolver.cc(110)] SmartScreenDnsResolver::OnComplete Error: -106 DidTimeOut: 0 URL: https://devtools.azureedge.net/serve_file/@dcf246d1e496247cf561ee2a2f8bcc2bf6292d0c/third_party/webhint/worker_frame.html
Feb 26, 2024 18:58:36.38 [8360:14884:0226/185836.383:ERROR:CONSOLE(2054)] "Uncaught TypeError: Cannot read properties of null (reading 'classList')", source: chrome-error://chromewebdata/ (2054)
Feb 26, 2024 18:58:36.38 [8360:14884:0226/185836.383:ERROR:CONSOLE(2635)] "Uncaught TypeError: Cannot read properties of null (reading 'classList')", source: chrome-error://chromewebdata/ (2635)
Feb 26, 2024 18:58:37.21 [8360:14884:0226/185837.207:ERROR:smartscreen_dns_resolver.cc(110)] SmartScreenDnsResolver::OnComplete Error: -106 DidTimeOut: 0 URL: https://devtools.azureedge.net/serve_file/@dcf246d1e496247cf561ee2a2f8bcc2bf6292d0c/third_party/webhint/worker_frame.html
Feb 26, 2024 18:58:37.24 [8360:14884:0226/185837.247:ERROR:CONSOLE(2054)] "Uncaught TypeError: Cannot read properties of null (reading 'classList')", source: chrome-error://chromewebdata/ (2054)
Feb 26, 2024 18:58:37.25 [8360:14884:0226/185837.250:ERROR:CONSOLE(2635)] "Uncaught TypeError: Cannot read properties of null (reading 'classList')", source: chrome-error://chromewebdata/ (2635)
Feb 26, 2024 18:58:58.74 [8360:14884:0226/185858.729:ERROR:smartscreen_dns_resolver.cc(110)] SmartScreenDnsResolver::OnComplete Error: -106 DidTimeOut: 0 URL: https://devtools.azureedge.net/serve_file/@dcf246d1e496247cf561ee2a2f8bcc2bf6292d0c/third_party/webhint/worker_frame.html
Feb 26, 2024 18:58:58.76 [8360:14884:0226/185858.763:ERROR:CONSOLE(2054)] "Uncaught TypeError: Cannot read properties of null (reading 'classList')", source: chrome-error://chromewebdata/ (2054)
Feb 26, 2024 18:58:58.76 [8360:14884:0226/185858.766:ERROR:CONSOLE(2635)] "Uncaught TypeError: Cannot read properties of null (reading 'classList')", source: chrome-error://chromewebdata/ (2635)
Feb 26, 2024 18:59:00.17 [8360:14884:0226/185900.173:ERROR:smartscreen_dns_resolver.cc(110)] SmartScreenDnsResolver::OnComplete Error: -106 DidTimeOut: 0 URL: https://devtools.azureedge.net/serve_file/@dcf246d1e496247cf561ee2a2f8bcc2bf6292d0c/third_party/webhint/worker_frame.html
Feb 26, 2024 18:59:00.22 [8360:14884:0226/185900.229:ERROR:CONSOLE(2054)] "Uncaught TypeError: Cannot read properties of null (reading 'classList')", source: chrome-error://chromewebdata/ (2054)
Feb 26, 2024 18:59:00.23 [8360:14884:0226/185900.233:ERROR:CONSOLE(2635)] "Uncaught TypeError: Cannot read properties of null (reading 'classList')", source: chrome-error://chromewebdata/ (2635)
Feb 26, 2024 18:59:11.16 [8360:14884:0226/185911.059:ERROR:smartscreen_dns_resolver.cc(110)] SmartScreenDnsResolver::OnComplete Error: -106 DidTimeOut: 0 URL: https://devtools.azureedge.net/serve_file/@dcf246d1e496247cf561ee2a2f8bcc2bf6292d0c/third_party/webhint/worker_frame.html
Feb 26, 2024 18:59:11.22 [8360:14884:0226/185911.220:ERROR:CONSOLE(2054)] "Uncaught TypeError: Cannot read properties of null (reading 'classList')", source: chrome-error://chromewebdata/ (2054)
Feb 26, 2024 18:59:11.22 [8360:14884:0226/185911.222:ERROR:CONSOLE(2635)] "Uncaught TypeError: Cannot read properties of null (reading 'classList')", source: chrome-error://chromewebdata/ (2635)
Feb 26, 2024 18:59:26.33 [8360:14884:0226/185926.316:ERROR:smartscreen_dns_resolver.cc(110)] SmartScreenDnsResolver::OnComplete Error: -106 DidTimeOut: 0 URL: https://devtools.azureedge.net/serve_file/@dcf246d1e496247cf561ee2a2f8bcc2bf6292d0c/third_party/webhint/worker_frame.html
Feb 26, 2024 18:59:26.48 [8360:14884:0226/185926.489:ERROR:CONSOLE(2054)] "Uncaught TypeError: Cannot read properties of null (reading 'classList')", source: chrome-error://chromewebdata/ (2054)
Feb 26, 2024 18:59:26.49 [8360:14884:0226/185926.490:ERROR:CONSOLE(2635)] "Uncaught TypeError: Cannot read properties of null (reading 'classList')", source: chrome-error://chromewebdata/ (2635)

Feb 26, 2024 19:27:33.39 NEW SESSION
Feb 26, 2024 19:27:33.40 [5724:5720:0226/192733.395:ERROR:policy_logger.cc(157)] :components\enterprise\browser\controller\chrome_browser_cloud_management_controller.cc(161) Cloud management controller initialization aborted as CBCM is not enabled. Please use the `--enable-chrome-browser-cloud-management` command line flag to enable it if you are not using the official Google Chrome build.
Feb 26, 2024 19:27:34.75 [5724:5720:0226/192734.759:ERROR:edge_auth_errors.cc(516)] EDGE_IDENTITY: Get Default OS Account failed: Error: Primary Error: kTokenRequestFailed, Secondary Error: kTokenFetchUserInteractionRequired, Platform error: -2138701812, hex:8086000c, Error string: Error code: 0x8086000c, error message:Error
Feb 26, 2024 19:27:34.76 
Feb 26, 2024 19:27:38.35 [5724:5720:0226/192738.349:ERROR:CONSOLE(2)] "Blocked autofocusing on a <cib-action-bar> element in a cross-origin subframe.", source: https://edgeservices.bing.com/rp/MKc4o_R3s2VWRYc6mIOEJPq8jiE.br.js (2)
Feb 26, 2024 19:27:38.40 [5724:5720:0226/192738.404:ERROR:CONSOLE(2)] "Blocked autofocusing on a <textarea> element in a cross-origin subframe.", source: https://edgeservices.bing.com/rp/MKc4o_R3s2VWRYc6mIOEJPq8jiE.br.js (2)
Feb 26, 2024 19:27:42.56 [5724:5720:0226/192742.569:ERROR:CONSOLE(1)] "Request Autofill.enable failed. {"code":-32601,"message":"'Autofill.enable' wasn't found"}", source: devtools://devtools/bundled/core/protocol_client/protocol_client.js (1)
Feb 26, 2024 19:27:42.78 [5724:5720:0226/192742.789:ERROR:CONSOLE(347)] "Failed to fetch icon: devtools://devtools/bundled/Images/edge_developer_resources.svg
Feb 26, 2024 19:27:42.78 TypeError: Failed to fetch", source: devtools://devtools/bundled/panels/welcome/welcome.js (347)
Feb 26, 2024 19:27:42.78 [5724:5720:0226/192742.789:ERROR:CONSOLE(347)] "Failed to fetch icon: devtools://devtools/bundled/Images/edge-sources-search-sources-tab.svg
Feb 26, 2024 19:27:42.78 TypeError: Failed to fetch", source: devtools://devtools/bundled/panels/welcome/welcome.js (347)
Feb 26, 2024 19:28:06.42 [5724:5720:0226/192806.423:ERROR:CONSOLE(2)] "Blocked autofocusing on a <cib-action-bar> element in a cross-origin subframe.", source: https://edgeservices.bing.com/rp/MKc4o_R3s2VWRYc6mIOEJPq8jiE.br.js (2)
Feb 26, 2024 19:28:06.47 [5724:5720:0226/192806.476:ERROR:CONSOLE(2)] "Blocked autofocusing on a <textarea> element in a cross-origin subframe.", source: https://edgeservices.bing.com/rp/MKc4o_R3s2VWRYc6mIOEJPq8jiE.br.js (2)
Feb 26, 2024 19:36:52.24 [5724:5720:0226/193652.243:ERROR:CONSOLE(1)] "Request Autofill.enable failed. {"code":-32601,"message":"'Autofill.enable' wasn't found"}", source: devtools://devtools/bundled/core/protocol_client/protocol_client.js (1)
Feb 26, 2024 19:36:52.35 [5724:5720:0226/193652.352:ERROR:CONSOLE(347)] "Failed to fetch icon: devtools://devtools/bundled/Images/edge_developer_resources.svg
Feb 26, 2024 19:36:52.35 TypeError: Failed to fetch", source: devtools://devtools/bundled/panels/welcome/welcome.js (347)
Feb 26, 2024 19:36:52.36 [5724:5720:0226/193652.352:ERROR:CONSOLE(347)] "Failed to fetch icon: devtools://devtools/bundled/Images/edge-sources-search-sources-tab.svg
Feb 26, 2024 19:36:52.36 TypeError: Failed to fetch", source: devtools://devtools/bundled/panels/welcome/welcome.js (347)
Feb 26, 2024 19:50:00.62 [5724:5720:0226/195000.623:ERROR:chrome_web_ui_controller_factory.cc(1686)] Requested load of chrome://newtab/ for incorrect profile type.
Feb 26, 2024 19:51:21.33 [5724:5720:0226/195121.339:ERROR:fallback_task_provider.cc(126)] Every renderer should have at least one task provided by a primary task provider. If a "Renderer" fallback task is shown, it is a bug. If you have repro steps, please file a new bug and tag it as a dependency of crbug.com/739782.
